0 info it worked if it ends with ok
1 verbose cli [ 'C:\\Program Files\\nodejs\\node.exe',
1 verbose cli   'C:\\Program Files\\nodejs\\node_modules\\npm\\bin\\npm-cli.js',
1 verbose cli   'install',
1 verbose cli   '@ngrx/effects',
1 verbose cli   '--save' ]
2 info using npm@2.15.9
3 info using node@v4.5.0
4 verbose install initial load of C:\Users\Anwar\cutePuppyPics\package.json
5 warn package.json cutepuppypics@ No repository field.
6 warn package.json cutepuppypics@ No README data
7 warn package.json cutepuppypics@ No license field.
8 verbose installManyTop reading scoped package data from C:\Users\Anwar\cutePuppyPics\node_modules\del\package.json
9 verbose installManyTop reading scoped package data from C:\Users\Anwar\cutePuppyPics\node_modules\es6-shim\package.json
10 verbose installManyTop reading scoped package data from C:\Users\Anwar\cutePuppyPics\node_modules\gulp\package.json
11 verbose installManyTop reading scoped package data from C:\Users\Anwar\cutePuppyPics\node_modules\gulp-imagemin\package.json
12 verbose installManyTop reading scoped package data from C:\Users\Anwar\cutePuppyPics\node_modules\gulp-watch\package.json
13 verbose installManyTop reading scoped package data from C:\Users\Anwar\cutePuppyPics\node_modules\ionic-angular\package.json
14 verbose installManyTop reading scoped package data from C:\Users\Anwar\cutePuppyPics\node_modules\ionic-gulp-browserify-typescript\package.json
15 verbose installManyTop reading scoped package data from C:\Users\Anwar\cutePuppyPics\node_modules\ionic-gulp-fonts-copy\package.json
16 verbose installManyTop reading scoped package data from C:\Users\Anwar\cutePuppyPics\node_modules\ionic-gulp-html-copy\package.json
17 verbose installManyTop reading scoped package data from C:\Users\Anwar\cutePuppyPics\node_modules\ionic-gulp-sass-build\package.json
18 verbose installManyTop reading scoped package data from C:\Users\Anwar\cutePuppyPics\node_modules\ionic-gulp-scripts-copy\package.json
19 verbose installManyTop reading scoped package data from C:\Users\Anwar\cutePuppyPics\node_modules\ionic-gulp-tslint\package.json
20 verbose installManyTop reading scoped package data from C:\Users\Anwar\cutePuppyPics\node_modules\ionic-native\package.json
21 verbose installManyTop reading scoped package data from C:\Users\Anwar\cutePuppyPics\node_modules\ionicons\package.json
22 verbose installManyTop reading scoped package data from C:\Users\Anwar\cutePuppyPics\node_modules\pouchdb\package.json
23 verbose installManyTop reading scoped package data from C:\Users\Anwar\cutePuppyPics\node_modules\reflect-metadata\package.json
24 verbose installManyTop reading scoped package data from C:\Users\Anwar\cutePuppyPics\node_modules\run-sequence\package.json
25 verbose installManyTop reading scoped package data from C:\Users\Anwar\cutePuppyPics\node_modules\rxjs\package.json
26 verbose installManyTop reading scoped package data from C:\Users\Anwar\cutePuppyPics\node_modules\tslint-ionic-rules\package.json
27 verbose installManyTop reading scoped package data from C:\Users\Anwar\cutePuppyPics\node_modules\zone.js\package.json
28 verbose installManyTop reading scoped package data from C:\Users\Anwar\cutePuppyPics\node_modules\@angular\common\package.json
29 verbose installManyTop reading scoped package data from C:\Users\Anwar\cutePuppyPics\node_modules\@angular\compiler\package.json
30 verbose installManyTop reading scoped package data from C:\Users\Anwar\cutePuppyPics\node_modules\@angular\core\package.json
31 verbose installManyTop reading scoped package data from C:\Users\Anwar\cutePuppyPics\node_modules\@angular\forms\package.json
32 verbose installManyTop reading scoped package data from C:\Users\Anwar\cutePuppyPics\node_modules\@angular\http\package.json
33 verbose installManyTop reading scoped package data from C:\Users\Anwar\cutePuppyPics\node_modules\@angular\platform-browser\package.json
34 verbose installManyTop reading scoped package data from C:\Users\Anwar\cutePuppyPics\node_modules\@angular\platform-browser-dynamic\package.json
35 info package.json @angular/core@2.0.0-rc.4 No description
36 info package.json @angular/core@2.0.0-rc.4 No README data
37 info package.json @angular/forms@0.2.0 No description
38 info package.json @angular/forms@0.2.0 No README data
39 info package.json @angular/http@2.0.0-rc.4 No description
40 info package.json @angular/http@2.0.0-rc.4 No README data
41 info package.json @angular/platform-browser@2.0.0-rc.4 No description
42 info package.json @angular/platform-browser@2.0.0-rc.4 No README data
43 info package.json @angular/compiler@2.0.0-rc.4 No description
44 info package.json @angular/compiler@2.0.0-rc.4 No README data
45 info package.json ionic-gulp-fonts-copy@1.0.0 No repository field.
46 info package.json ionic-gulp-fonts-copy@1.0.0 No license field.
47 info package.json @angular/common@2.0.0-rc.4 No description
48 info package.json @angular/common@2.0.0-rc.4 No README data
49 info package.json @angular/platform-browser-dynamic@2.0.0-rc.4 No description
50 info package.json @angular/platform-browser-dynamic@2.0.0-rc.4 No README data
51 verbose readDependencies loading dependencies from C:\Users\Anwar\cutePuppyPics\package.json
52 silly cache add args [ '@ngrx/effects', null ]
53 verbose cache add spec @ngrx/effects
54 silly cache add parsed spec Result {
54 silly cache add   raw: '@ngrx/effects',
54 silly cache add   scope: '@ngrx',
54 silly cache add   name: '@ngrx/effects',
54 silly cache add   rawSpec: '',
54 silly cache add   spec: 'latest',
54 silly cache add   type: 'tag' }
55 silly addNamed @ngrx/effects@latest
56 verbose addNamed "latest" is being treated as a dist-tag for @ngrx/effects
57 info addNameTag [ '@ngrx/effects', 'latest' ]
58 silly mapToRegistry name @ngrx/effects
59 silly mapToRegistry scope (from package name) @ngrx
60 verbose mapToRegistry no registry URL found in name for scope @ngrx
61 silly mapToRegistry using default registry
62 silly mapToRegistry registry https://registry.npmjs.org/
63 silly mapToRegistry data Result {
63 silly mapToRegistry   raw: '@ngrx/effects',
63 silly mapToRegistry   scope: '@ngrx',
63 silly mapToRegistry   name: '@ngrx/effects',
63 silly mapToRegistry   rawSpec: '',
63 silly mapToRegistry   spec: 'latest',
63 silly mapToRegistry   type: 'tag' }
64 silly mapToRegistry uri https://registry.npmjs.org/@ngrx%2feffects
65 verbose addNameTag registry:https://registry.npmjs.org/@ngrx%2feffects not in flight; fetching
66 verbose request uri https://registry.npmjs.org/@ngrx%2feffects
67 verbose request no auth needed
68 info attempt registry request try #1 at 8:31:46 PM
69 verbose request id 1c0314d48bf838a4
70 http request GET https://registry.npmjs.org/@ngrx%2feffects
71 http 200 https://registry.npmjs.org/@ngrx%2feffects
72 verbose headers { server: 'CouchDB/1.5.0 (Erlang OTP/R16B03)',
72 verbose headers   'content-type': 'application/json',
72 verbose headers   etag: '"57e9bd05-5fda"',
72 verbose headers   'content-encoding': 'gzip',
72 verbose headers   'cache-control': 'max-age=0',
72 verbose headers   'transfer-encoding': 'chunked',
72 verbose headers   'accept-ranges': 'bytes',
72 verbose headers   date: 'Thu, 19 Jan 2017 20:31:36 GMT',
72 verbose headers   via: '1.1 varnish',
72 verbose headers   age: '0',
72 verbose headers   connection: 'keep-alive',
72 verbose headers   'x-served-by': 'cache-lhr6332-LHR',
72 verbose headers   'x-cache': 'MISS',
72 verbose headers   'x-cache-hits': '0',
72 verbose headers   'x-timer': 'S1484857895.091437,VS0,VE1001',
72 verbose headers   vary: 'Accept-Encoding' }
73 silly get cb [ 200,
73 silly get   { server: 'CouchDB/1.5.0 (Erlang OTP/R16B03)',
73 silly get     'content-type': 'application/json',
73 silly get     etag: '"57e9bd05-5fda"',
73 silly get     'content-encoding': 'gzip',
73 silly get     'cache-control': 'max-age=0',
73 silly get     'transfer-encoding': 'chunked',
73 silly get     'accept-ranges': 'bytes',
73 silly get     date: 'Thu, 19 Jan 2017 20:31:36 GMT',
73 silly get     via: '1.1 varnish',
73 silly get     age: '0',
73 silly get     connection: 'keep-alive',
73 silly get     'x-served-by': 'cache-lhr6332-LHR',
73 silly get     'x-cache': 'MISS',
73 silly get     'x-cache-hits': '0',
73 silly get     'x-timer': 'S1484857895.091437,VS0,VE1001',
73 silly get     vary: 'Accept-Encoding' } ]
74 verbose get saving @ngrx/effects to C:\Users\Anwar\AppData\Roaming\npm-cache\registry.npmjs.org\_40ngrx_252feffects\.cache.json
75 verbose correctMkdir C:\Users\Anwar\AppData\Roaming\npm-cache correctMkdir not in flight; initializing
76 silly addNameTag next cb for @ngrx/effects with tag latest
77 silly addNamed @ngrx/effects@2.0.0
78 verbose addNamed "2.0.0" is a plain semver version for @ngrx/effects
79 silly mapToRegistry name @ngrx/effects
80 silly mapToRegistry scope (from package name) @ngrx
81 verbose mapToRegistry no registry URL found in name for scope @ngrx
82 silly mapToRegistry using default registry
83 silly mapToRegistry registry https://registry.npmjs.org/
84 silly mapToRegistry data Result {
84 silly mapToRegistry   raw: '@ngrx/effects',
84 silly mapToRegistry   scope: '@ngrx',
84 silly mapToRegistry   name: '@ngrx/effects',
84 silly mapToRegistry   rawSpec: '',
84 silly mapToRegistry   spec: 'latest',
84 silly mapToRegistry   type: 'tag' }
85 silly mapToRegistry uri https://registry.npmjs.org/@ngrx%2feffects
86 verbose addRemoteTarball https://registry.npmjs.org/@ngrx/effects/-/effects-2.0.0.tgz not in flight; adding
87 verbose addRemoteTarball [ 'https://registry.npmjs.org/@ngrx/effects/-/effects-2.0.0.tgz',
87 verbose addRemoteTarball   'db4c3e1b69030229cb6b908477115b3479e4c4e0' ]
88 info retry fetch attempt 1 at 8:31:48 PM
89 info attempt registry request try #1 at 8:31:48 PM
90 http fetch GET https://registry.npmjs.org/@ngrx/effects/-/effects-2.0.0.tgz
91 http fetch 200 https://registry.npmjs.org/@ngrx/effects/-/effects-2.0.0.tgz
92 silly fetchAndShaCheck shasum db4c3e1b69030229cb6b908477115b3479e4c4e0
93 verbose addTmpTarball C:\Users\Anwar\AppData\Local\Temp\npm-8864-e03b62a3\registry.npmjs.org\_40ngrx\effects\-\effects-2.0.0.tgz not in flight; adding
94 verbose addTmpTarball already have metadata; skipping unpack for @ngrx/effects@2.0.0
95 verbose correctMkdir C:\Users\Anwar\AppData\Roaming\npm-cache correctMkdir not in flight; initializing
96 silly cache afterAdd @ngrx/effects@2.0.0
97 verbose afterAdd C:\Users\Anwar\AppData\Roaming\npm-cache\@ngrx\effects\2.0.0\package\package.json not in flight; writing
98 verbose correctMkdir C:\Users\Anwar\AppData\Roaming\npm-cache correctMkdir not in flight; initializing
99 verbose afterAdd C:\Users\Anwar\AppData\Roaming\npm-cache\@ngrx\effects\2.0.0\package\package.json written
100 silly install resolved [ { name: '@ngrx/effects',
100 silly install resolved     version: '2.0.0',
100 silly install resolved     description: 'Side effect model for @ngrx/store',
100 silly install resolved     main: 'bundles/effects.umd.js',
100 silly install resolved     module: 'index.js',
100 silly install resolved     repository: { type: 'git', url: 'git+https://github.com/ngrx/effects.git' },
100 silly install resolved     scripts:
100 silly install resolved      { karma: 'karma start --single-run',
100 silly install resolved        test: 'npm run karma',
100 silly install resolved        changelog: 'conventional-changelog -p angular -i CHANGELOG.md -s -r 0',
100 silly install resolved        'clean:pre': 'rimraf release',
100 silly install resolved        'clean:post': 'rimraf src/**/*.ngfactory.ts',
100 silly install resolved        copy: 'cpy LICENSE package.json README.md release',
100 silly install resolved        'build:js': 'ngc -p tsconfig.dist.json',
100 silly install resolved        'build:testing': 'ngc -p tsconfig.testing.json',
100 silly install resolved        'build:umd': 'rollup -c rollup.config.js',
100 silly install resolved        'build:umd:testing': 'rollup -c rollup-testing.config.js',
100 silly install resolved        'build:uglify': 'uglifyjs -c --screw-ie8 --comments -o ./release/bundles/effects.min.umd.js ./release/bundles/effects.umd.js',
100 silly install resolved        'build:uglify:testing': 'uglifyjs -c --screw-ie8 --comments -o ./release/bundles/effects-testing.min.umd.js ./release/bundles/effects-testing.umd.js',
100 silly install resolved        'bundle:main': 'npm run build:js && npm run build:umd && npm run build:uglify',
100 silly install resolved        'bundle:testing': 'npm run build:testing && npm run build:umd:testing && npm run build:uglify:testing',
100 silly install resolved        prebuild: 'npm run test && npm run clean:pre',
100 silly install resolved        postbuild: 'npm run clean:post && npm run copy',
100 silly install resolved        build: 'npm run bundle:main && npm run bundle:testing',
100 silly install resolved        version: 'npm run changelog && git add CHANGELOG.md' },
100 silly install resolved     authors: [ 'Mike Ryan' ],
100 silly install resolved     license: 'MIT',
100 silly install resolved     peerDependencies:
100 silly install resolved      { rxjs: '^5.0.0-beta.12',
100 silly install resolved        '@angular/core': '^2.0.0',
100 silly install resolved        '@ngrx/store': '^1.5.0 || ^2.0.0' },
100 silly install resolved     devDependencies:
100 silly install resolved      { '@angular/common': '^2.0.0',
100 silly install resolved        '@angular/compiler': '^2.0.0',
100 silly install resolved        '@angular/compiler-cli': '^0.6.1',
100 silly install resolved        '@angular/core': '^2.0.0',
100 silly install resolved        '@angular/platform-browser': '^2.0.0',
100 silly install resolved        '@angular/platform-browser-dynamic': '^2.0.0',
100 silly install resolved        '@angular/platform-server': '^2.0.0',
100 silly install resolved        '@angular/router': '^3.0.0',
100 silly install resolved        '@ngrx/core': '^1.2.0',
100 silly install resolved        '@ngrx/store': '^2.0.0',
100 silly install resolved        '@types/jasmine': '^2.2.33',
100 silly install resolved        '@types/node': '^6.0.38',
100 silly install resolved        'awesome-typescript-loader': '^2.2.1',
100 silly install resolved        'conventional-changelog-cli': '^1.1.1',
100 silly install resolved        'core-js': '^2.2.2',
100 silly install resolved        'cpy-cli': '^1.0.1',
100 silly install resolved        'istanbul-instrumenter-loader': '^0.2.0',
100 silly install resolved        'jasmine-core': '^2.5.0',
100 silly install resolved        karma: '^0.13.22',
100 silly install resolved        'karma-chrome-launcher': '^0.2.3',
100 silly install resolved        'karma-coverage': '^0.5.5',
100 silly install resolved        'karma-jasmine': '^0.3.8',
100 silly install resolved        'karma-mocha-reporter': '^2.0.0',
100 silly install resolved        'karma-sourcemap-loader': '^0.3.7',
100 silly install resolved        'karma-typescript-preprocessor': '0.0.21',
100 silly install resolved        'karma-webpack': '^1.7.0',
100 silly install resolved        'npm-run-all': '^1.7.0',
100 silly install resolved        'reflect-metadata': '^0.1.3',
100 silly install resolved        rollup: '^0.34.13',
100 silly install resolved        rxjs: '^5.0.0-beta.12',
100 silly install resolved        'source-map-loader': '^0.1.5',
100 silly install resolved        'ts-loader': '^0.8.2',
100 silly install resolved        tslint: '^3.15.1',
100 silly install resolved        'tslint-loader': '^2.1.5',
100 silly install resolved        typescript: '^2.0.2',
100 silly install resolved        uglifyjs: '^2.4.10',
100 silly install resolved        webpack: '^2.1.0-beta.21',
100 silly install resolved        'zone.js': '^0.6.17' },
100 silly install resolved     bugs: { url: 'https://github.com/ngrx/effects/issues' },
100 silly install resolved     homepage: 'https://github.com/ngrx/effects#readme',
100 silly install resolved     _id: '@ngrx/effects@2.0.0',
100 silly install resolved     _shasum: 'db4c3e1b69030229cb6b908477115b3479e4c4e0',
100 silly install resolved     _from: '@ngrx/effects@latest',
100 silly install resolved     _npmVersion: '3.9.3',
100 silly install resolved     _nodeVersion: '6.2.1',
100 silly install resolved     _npmUser: { name: 'mikeryan52', email: 'mike.ryan52@gmail.com' },
100 silly install resolved     dist:
100 silly install resolved      { shasum: 'db4c3e1b69030229cb6b908477115b3479e4c4e0',
100 silly install resolved        tarball: 'https://registry.npmjs.org/@ngrx/effects/-/effects-2.0.0.tgz' },
100 silly install resolved     maintainers: [ [Object], [Object], [Object] ],
100 silly install resolved     _npmOperationalInternal:
100 silly install resolved      { host: 'packages-16-east.internal.npmjs.com',
100 silly install resolved        tmp: 'tmp/effects-2.0.0.tgz_1474936067587_0.9727406334131956' },
100 silly install resolved     directories: {},
100 silly install resolved     _resolved: 'https://registry.npmjs.org/@ngrx/effects/-/effects-2.0.0.tgz' } ]
101 info install @ngrx/effects@2.0.0 into C:\Users\Anwar\cutePuppyPics
102 info installOne @ngrx/effects@2.0.0
103 verbose installOne of @ngrx/effects to C:\Users\Anwar\cutePuppyPics not in flight; installing
104 verbose correctMkdir C:\Users\Anwar\AppData\Roaming\npm-cache\_locks correctMkdir not in flight; initializing
105 verbose lock using C:\Users\Anwar\AppData\Roaming\npm-cache\_locks\ngrx-effects-1c365758a9b6edec.lock for C:\Users\Anwar\cutePuppyPics\node_modules\@ngrx\effects
106 silly install write writing @ngrx/effects 2.0.0 to C:\Users\Anwar\cutePuppyPics\node_modules\@ngrx\effects
107 verbose unbuild node_modules\@ngrx\effects
108 silly gentlyRm C:\Users\Anwar\cutePuppyPics\node_modules\@ngrx\effects is being purged from base C:\Users\Anwar\cutePuppyPics
109 verbose gentlyRm don't care about contents; nuking C:\Users\Anwar\cutePuppyPics\node_modules\@ngrx\effects
110 verbose tar unpack C:\Users\Anwar\AppData\Roaming\npm-cache\@ngrx\effects\2.0.0\package.tgz
111 verbose tar unpacking to C:\Users\Anwar\cutePuppyPics\node_modules\@ngrx\effects
112 silly gentlyRm C:\Users\Anwar\cutePuppyPics\node_modules\@ngrx\effects is being purged
113 verbose gentlyRm don't care about contents; nuking C:\Users\Anwar\cutePuppyPics\node_modules\@ngrx\effects
114 silly gunzTarPerm modes [ '777', '666' ]
115 silly gunzTarPerm extractEntry package.json
116 silly gunzTarPerm modified mode [ 'package.json', 420, 438 ]
117 silly gunzTarPerm extractEntry README.md
118 silly gunzTarPerm modified mode [ 'README.md', 420, 438 ]
119 silly gunzTarPerm extractEntry LICENSE
120 silly gunzTarPerm modified mode [ 'LICENSE', 420, 438 ]
121 silly gunzTarPerm extractEntry index.js
122 silly gunzTarPerm modified mode [ 'index.js', 420, 438 ]
123 silly gunzTarPerm extractEntry bundles/effects-testing.min.umd.js
124 silly gunzTarPerm modified mode [ 'bundles/effects-testing.min.umd.js', 420, 438 ]
125 silly gunzTarPerm extractEntry bundles/effects-testing.umd.js
126 silly gunzTarPerm modified mode [ 'bundles/effects-testing.umd.js', 420, 438 ]
127 silly gunzTarPerm extractEntry bundles/effects.min.umd.js
128 silly gunzTarPerm modified mode [ 'bundles/effects.min.umd.js', 420, 438 ]
129 silly gunzTarPerm extractEntry bundles/effects.umd.js
130 silly gunzTarPerm modified mode [ 'bundles/effects.umd.js', 420, 438 ]
131 silly gunzTarPerm extractEntry index.d.ts
132 silly gunzTarPerm modified mode [ 'index.d.ts', 420, 438 ]
133 silly gunzTarPerm extractEntry index.js.map
134 silly gunzTarPerm modified mode [ 'index.js.map', 420, 438 ]
135 silly gunzTarPerm extractEntry index.metadata.json
136 silly gunzTarPerm modified mode [ 'index.metadata.json', 420, 438 ]
137 silly gunzTarPerm extractEntry src/bootstrap-listener.js
138 silly gunzTarPerm modified mode [ 'src/bootstrap-listener.js', 420, 438 ]
139 silly gunzTarPerm extractEntry src/effects-subscription.js
140 silly gunzTarPerm modified mode [ 'src/effects-subscription.js', 420, 438 ]
141 silly gunzTarPerm extractEntry src/actions.js
142 silly gunzTarPerm modified mode [ 'src/actions.js', 420, 438 ]
143 silly gunzTarPerm extractEntry src/effects.js
144 silly gunzTarPerm modified mode [ 'src/effects.js', 420, 438 ]
145 silly gunzTarPerm extractEntry src/effects.module.js
146 silly gunzTarPerm modified mode [ 'src/effects.module.js', 420, 438 ]
147 silly gunzTarPerm extractEntry src/util.js
148 silly gunzTarPerm modified mode [ 'src/util.js', 420, 438 ]
149 silly gunzTarPerm extractEntry src/effects.d.ts
150 silly gunzTarPerm modified mode [ 'src/effects.d.ts', 420, 438 ]
151 silly gunzTarPerm extractEntry src/bootstrap-listener.metadata.json
152 silly gunzTarPerm modified mode [ 'src/bootstrap-listener.metadata.json', 420, 438 ]
153 silly gunzTarPerm extractEntry src/effects-subscription.d.ts
154 silly gunzTarPerm modified mode [ 'src/effects-subscription.d.ts', 420, 438 ]
155 silly gunzTarPerm extractEntry src/actions.js.map
156 silly gunzTarPerm modified mode [ 'src/actions.js.map', 420, 438 ]
157 silly gunzTarPerm extractEntry src/effects-subscription.js.map
158 silly gunzTarPerm modified mode [ 'src/effects-subscription.js.map', 420, 438 ]
159 silly gunzTarPerm extractEntry src/effects-subscription.metadata.json
160 silly gunzTarPerm modified mode [ 'src/effects-subscription.metadata.json', 420, 438 ]
161 silly gunzTarPerm extractEntry src/actions.metadata.json
162 silly gunzTarPerm modified mode [ 'src/actions.metadata.json', 420, 438 ]
163 silly gunzTarPerm extractEntry src/bootstrap-listener.d.ts
164 silly gunzTarPerm modified mode [ 'src/bootstrap-listener.d.ts', 420, 438 ]
165 silly gunzTarPerm extractEntry src/effects.js.map
166 silly gunzTarPerm modified mode [ 'src/effects.js.map', 420, 438 ]
167 silly gunzTarPerm extractEntry src/effects.metadata.json
168 silly gunzTarPerm modified mode [ 'src/effects.metadata.json', 420, 438 ]
169 silly gunzTarPerm extractEntry src/effects.module.d.ts
170 silly gunzTarPerm modified mode [ 'src/effects.module.d.ts', 420, 438 ]
171 silly gunzTarPerm extractEntry src/actions.d.ts
172 silly gunzTarPerm modified mode [ 'src/actions.d.ts', 420, 438 ]
173 silly gunzTarPerm extractEntry src/effects.module.js.map
174 silly gunzTarPerm modified mode [ 'src/effects.module.js.map', 420, 438 ]
175 silly gunzTarPerm extractEntry src/effects.module.metadata.json
176 silly gunzTarPerm modified mode [ 'src/effects.module.metadata.json', 420, 438 ]
177 silly gunzTarPerm extractEntry src/effects.module.ngfactory.ts
178 silly gunzTarPerm modified mode [ 'src/effects.module.ngfactory.ts', 420, 438 ]
179 silly gunzTarPerm extractEntry src/util.d.ts
180 silly gunzTarPerm modified mode [ 'src/util.d.ts', 420, 438 ]
181 silly gunzTarPerm extractEntry src/bootstrap-listener.js.map
182 silly gunzTarPerm modified mode [ 'src/bootstrap-listener.js.map', 420, 438 ]
183 silly gunzTarPerm extractEntry src/util.js.map
184 silly gunzTarPerm modified mode [ 'src/util.js.map', 420, 438 ]
185 silly gunzTarPerm extractEntry src/util.metadata.json
186 silly gunzTarPerm modified mode [ 'src/util.metadata.json', 420, 438 ]
187 silly gunzTarPerm extractEntry testing/runner.js
188 silly gunzTarPerm modified mode [ 'testing/runner.js', 420, 438 ]
189 silly gunzTarPerm extractEntry testing/index.js
190 silly gunzTarPerm modified mode [ 'testing/index.js', 420, 438 ]
191 silly gunzTarPerm extractEntry testing/testing.module.js
192 silly gunzTarPerm modified mode [ 'testing/testing.module.js', 420, 438 ]
193 silly gunzTarPerm extractEntry testing/runner.js.map
194 silly gunzTarPerm modified mode [ 'testing/runner.js.map', 420, 438 ]
195 silly gunzTarPerm extractEntry testing/runner.d.ts
196 silly gunzTarPerm modified mode [ 'testing/runner.d.ts', 420, 438 ]
197 silly gunzTarPerm extractEntry testing/index.d.ts
198 silly gunzTarPerm modified mode [ 'testing/index.d.ts', 420, 438 ]
199 silly gunzTarPerm extractEntry testing/index.js.map
200 silly gunzTarPerm modified mode [ 'testing/index.js.map', 420, 438 ]
201 silly gunzTarPerm extractEntry testing/runner.metadata.json
202 silly gunzTarPerm modified mode [ 'testing/runner.metadata.json', 420, 438 ]
203 silly gunzTarPerm extractEntry testing/testing.module.d.ts
204 silly gunzTarPerm modified mode [ 'testing/testing.module.d.ts', 420, 438 ]
205 silly gunzTarPerm extractEntry testing/index.metadata.json
206 silly gunzTarPerm modified mode [ 'testing/index.metadata.json', 420, 438 ]
207 silly gunzTarPerm extractEntry testing/testing.module.js.map
208 silly gunzTarPerm modified mode [ 'testing/testing.module.js.map', 420, 438 ]
209 silly gunzTarPerm extractEntry testing/testing.module.metadata.json
210 silly gunzTarPerm modified mode [ 'testing/testing.module.metadata.json', 420, 438 ]
211 verbose write writing to C:\Users\Anwar\cutePuppyPics\node_modules\@ngrx\effects\package.json
212 info preinstall @ngrx/effects@2.0.0
213 verbose readDependencies loading dependencies from C:\Users\Anwar\cutePuppyPics\node_modules\@ngrx\effects\package.json
214 silly prepareForInstallMany adding rxjs@^5.0.0-beta.12 from @ngrx/effects peerDependencies
215 silly prepareForInstallMany adding @angular/core@^2.0.0 from @ngrx/effects peerDependencies
216 silly prepareForInstallMany adding @ngrx/store@^1.5.0 || ^2.0.0 from @ngrx/effects peerDependencies
217 warn peerDependencies The peer dependency rxjs@^5.0.0-beta.12 included from @ngrx/effects will no
218 warn peerDependencies longer be automatically installed to fulfill the peerDependency
219 warn peerDependencies in npm 3+. Your application will need to depend on it explicitly.
220 warn peerDependencies The peer dependency @angular/core@^2.0.0 included from @ngrx/effects will no
221 warn peerDependencies longer be automatically installed to fulfill the peerDependency
222 warn peerDependencies in npm 3+. Your application will need to depend on it explicitly.
223 warn peerDependencies The peer dependency @ngrx/store@^1.5.0 || ^2.0.0 included from @ngrx/effects will no
224 warn peerDependencies longer be automatically installed to fulfill the peerDependency
225 warn peerDependencies in npm 3+. Your application will need to depend on it explicitly.
226 verbose readDependencies loading dependencies from C:\Users\Anwar\cutePuppyPics\node_modules\@ngrx\effects\package.json
227 silly install resolved []
228 verbose about to build C:\Users\Anwar\cutePuppyPics\node_modules\@ngrx\effects
229 info build C:\Users\Anwar\cutePuppyPics\node_modules\@ngrx\effects
230 info linkStuff @ngrx/effects@2.0.0
231 silly linkStuff @ngrx/effects@2.0.0 has C:\Users\Anwar\cutePuppyPics\node_modules as its parent node_modules
232 verbose linkBins @ngrx/effects@2.0.0
233 verbose linkMans @ngrx/effects@2.0.0
234 verbose rebuildBundles @ngrx/effects@2.0.0
235 info install @ngrx/effects@2.0.0
236 info postinstall @ngrx/effects@2.0.0
237 verbose readDependencies loading dependencies from C:\Users\Anwar\cutePuppyPics\package.json
238 verbose targetResolver reading package data from C:\Users\Anwar\cutePuppyPics\node_modules\del\package.json
239 verbose targetResolver reading package data from C:\Users\Anwar\cutePuppyPics\node_modules\es6-shim\package.json
240 verbose targetResolver reading package data from C:\Users\Anwar\cutePuppyPics\node_modules\gulp\package.json
241 verbose targetResolver reading package data from C:\Users\Anwar\cutePuppyPics\node_modules\gulp-imagemin\package.json
242 verbose targetResolver reading package data from C:\Users\Anwar\cutePuppyPics\node_modules\gulp-watch\package.json
243 verbose targetResolver reading package data from C:\Users\Anwar\cutePuppyPics\node_modules\ionic-angular\package.json
244 verbose targetResolver reading package data from C:\Users\Anwar\cutePuppyPics\node_modules\ionic-gulp-browserify-typescript\package.json
245 verbose targetResolver reading package data from C:\Users\Anwar\cutePuppyPics\node_modules\ionic-gulp-fonts-copy\package.json
246 verbose targetResolver reading package data from C:\Users\Anwar\cutePuppyPics\node_modules\ionic-gulp-html-copy\package.json
247 verbose targetResolver reading package data from C:\Users\Anwar\cutePuppyPics\node_modules\ionic-gulp-sass-build\package.json
248 verbose targetResolver reading package data from C:\Users\Anwar\cutePuppyPics\node_modules\ionic-gulp-scripts-copy\package.json
249 verbose targetResolver reading package data from C:\Users\Anwar\cutePuppyPics\node_modules\ionic-gulp-tslint\package.json
250 verbose targetResolver reading package data from C:\Users\Anwar\cutePuppyPics\node_modules\ionic-native\package.json
251 verbose targetResolver reading package data from C:\Users\Anwar\cutePuppyPics\node_modules\ionicons\package.json
252 verbose targetResolver reading package data from C:\Users\Anwar\cutePuppyPics\node_modules\pouchdb\package.json
253 verbose targetResolver reading package data from C:\Users\Anwar\cutePuppyPics\node_modules\reflect-metadata\package.json
254 verbose targetResolver reading package data from C:\Users\Anwar\cutePuppyPics\node_modules\run-sequence\package.json
255 verbose targetResolver reading package data from C:\Users\Anwar\cutePuppyPics\node_modules\rxjs\package.json
256 verbose targetResolver reading package data from C:\Users\Anwar\cutePuppyPics\node_modules\tslint-ionic-rules\package.json
257 verbose targetResolver reading package data from C:\Users\Anwar\cutePuppyPics\node_modules\zone.js\package.json
258 verbose targetResolver reading package data from C:\Users\Anwar\cutePuppyPics\node_modules\@angular\common\package.json
259 verbose targetResolver reading package data from C:\Users\Anwar\cutePuppyPics\node_modules\@angular\compiler\package.json
260 verbose targetResolver reading package data from C:\Users\Anwar\cutePuppyPics\node_modules\@angular\core\package.json
261 verbose targetResolver reading package data from C:\Users\Anwar\cutePuppyPics\node_modules\@angular\forms\package.json
262 verbose targetResolver reading package data from C:\Users\Anwar\cutePuppyPics\node_modules\@angular\http\package.json
263 verbose targetResolver reading package data from C:\Users\Anwar\cutePuppyPics\node_modules\@angular\platform-browser\package.json
264 verbose targetResolver reading package data from C:\Users\Anwar\cutePuppyPics\node_modules\@angular\platform-browser-dynamic\package.json
265 verbose targetResolver reading package data from C:\Users\Anwar\cutePuppyPics\node_modules\.bin\gulp\package.json
266 verbose targetResolver reading package data from C:\Users\Anwar\cutePuppyPics\node_modules\.bin\gulp.cmd\package.json
267 verbose targetResolver reading package data from C:\Users\Anwar\cutePuppyPics\node_modules\@ngrx\effects\package.json
268 verbose already installed skipping rxjs@^5.0.0-beta.12 C:\Users\Anwar\cutePuppyPics
269 verbose already installed skipping @angular/core@^2.0.0 C:\Users\Anwar\cutePuppyPics
270 silly cache add args [ '@ngrx/store@^1.5.0 || ^2.0.0', null ]
271 verbose cache add spec @ngrx/store@^1.5.0 || ^2.0.0
272 silly cache add parsed spec Result {
272 silly cache add   raw: '@ngrx/store@^1.5.0 || ^2.0.0',
272 silly cache add   scope: '@ngrx',
272 silly cache add   name: '@ngrx/store',
272 silly cache add   rawSpec: '^1.5.0 || ^2.0.0',
272 silly cache add   spec: '>=1.5.0 <2.0.0||>=2.0.0 <3.0.0',
272 silly cache add   type: 'range' }
273 silly addNamed @ngrx/store@>=1.5.0 <2.0.0||>=2.0.0 <3.0.0
274 verbose addNamed ">=1.5.0 <2.0.0||>=2.0.0 <3.0.0" is a valid semver range for @ngrx/store
275 silly addNameRange { name: '@ngrx/store',
275 silly addNameRange   range: '>=1.5.0 <2.0.0||>=2.0.0 <3.0.0',
275 silly addNameRange   hasData: false }
276 silly mapToRegistry name @ngrx/store
277 silly mapToRegistry scope (from package name) @ngrx
278 verbose mapToRegistry no registry URL found in name for scope @ngrx
279 silly mapToRegistry using default registry
280 silly mapToRegistry registry https://registry.npmjs.org/
281 silly mapToRegistry data Result {
281 silly mapToRegistry   raw: '@ngrx/store',
281 silly mapToRegistry   scope: '@ngrx',
281 silly mapToRegistry   name: '@ngrx/store',
281 silly mapToRegistry   rawSpec: '',
281 silly mapToRegistry   spec: 'latest',
281 silly mapToRegistry   type: 'tag' }
282 silly mapToRegistry uri https://registry.npmjs.org/@ngrx%2fstore
283 verbose addNameRange registry:https://registry.npmjs.org/@ngrx%2fstore not in flight; fetching
284 verbose request uri https://registry.npmjs.org/@ngrx%2fstore
285 verbose request no auth needed
286 info attempt registry request try #1 at 8:31:53 PM
287 http request GET https://registry.npmjs.org/@ngrx%2fstore
288 http 200 https://registry.npmjs.org/@ngrx%2fstore
289 verbose headers { server: 'CouchDB/1.5.0 (Erlang OTP/R16B03)',
289 verbose headers   'content-type': 'application/json',
289 verbose headers   etag: '"587ac40d-bcec"',
289 verbose headers   'content-encoding': 'gzip',
289 verbose headers   'cache-control': 'max-age=0',
289 verbose headers   'transfer-encoding': 'chunked',
289 verbose headers   'accept-ranges': 'bytes',
289 verbose headers   date: 'Thu, 19 Jan 2017 20:31:42 GMT',
289 verbose headers   via: '1.1 varnish',
289 verbose headers   age: '0',
289 verbose headers   connection: 'keep-alive',
289 verbose headers   'x-served-by': 'cache-lhr6332-LHR',
289 verbose headers   'x-cache': 'MISS',
289 verbose headers   'x-cache-hits': '0',
289 verbose headers   'x-timer': 'S1484857901.631646,VS0,VE1024',
289 verbose headers   vary: 'Accept-Encoding' }
290 silly get cb [ 200,
290 silly get   { server: 'CouchDB/1.5.0 (Erlang OTP/R16B03)',
290 silly get     'content-type': 'application/json',
290 silly get     etag: '"587ac40d-bcec"',
290 silly get     'content-encoding': 'gzip',
290 silly get     'cache-control': 'max-age=0',
290 silly get     'transfer-encoding': 'chunked',
290 silly get     'accept-ranges': 'bytes',
290 silly get     date: 'Thu, 19 Jan 2017 20:31:42 GMT',
290 silly get     via: '1.1 varnish',
290 silly get     age: '0',
290 silly get     connection: 'keep-alive',
290 silly get     'x-served-by': 'cache-lhr6332-LHR',
290 silly get     'x-cache': 'MISS',
290 silly get     'x-cache-hits': '0',
290 silly get     'x-timer': 'S1484857901.631646,VS0,VE1024',
290 silly get     vary: 'Accept-Encoding' } ]
291 verbose get saving @ngrx/store to C:\Users\Anwar\AppData\Roaming\npm-cache\registry.npmjs.org\_40ngrx_252fstore\.cache.json
292 verbose correctMkdir C:\Users\Anwar\AppData\Roaming\npm-cache correctMkdir not in flight; initializing
293 silly addNameRange number 2 { name: '@ngrx/store',
293 silly addNameRange   range: '>=1.5.0 <2.0.0||>=2.0.0 <3.0.0',
293 silly addNameRange   hasData: true }
294 silly addNameRange versions [ '@ngrx/store',
294 silly addNameRange   [ '1.0.0',
294 silly addNameRange     '1.0.1',
294 silly addNameRange     '1.0.2',
294 silly addNameRange     '1.0.4',
294 silly addNameRange     '1.0.6',
294 silly addNameRange     '1.0.7',
294 silly addNameRange     '1.1.0',
294 silly addNameRange     '1.1.1',
294 silly addNameRange     '1.1.2',
294 silly addNameRange     '1.2.0',
294 silly addNameRange     '1.2.1',
294 silly addNameRange     '1.3.0',
294 silly addNameRange     '1.3.1',
294 silly addNameRange     '1.3.2',
294 silly addNameRange     '1.3.3',
294 silly addNameRange     '1.4.0',
294 silly addNameRange     '1.5.0',
294 silly addNameRange     '2.0.0',
294 silly addNameRange     '2.0.1',
294 silly addNameRange     '2.1.0',
294 silly addNameRange     '2.1.1',
294 silly addNameRange     '2.1.2',
294 silly addNameRange     '2.2.0',
294 silly addNameRange     '2.2.1' ] ]
295 silly addNamed @ngrx/store@2.2.1
296 verbose addNamed "2.2.1" is a plain semver version for @ngrx/store
297 silly mapToRegistry name @ngrx/store
298 silly mapToRegistry scope (from package name) @ngrx
299 verbose mapToRegistry no registry URL found in name for scope @ngrx
300 silly mapToRegistry using default registry
301 silly mapToRegistry registry https://registry.npmjs.org/
302 silly mapToRegistry data Result {
302 silly mapToRegistry   raw: '@ngrx/store',
302 silly mapToRegistry   scope: '@ngrx',
302 silly mapToRegistry   name: '@ngrx/store',
302 silly mapToRegistry   rawSpec: '',
302 silly mapToRegistry   spec: 'latest',
302 silly mapToRegistry   type: 'tag' }
303 silly mapToRegistry uri https://registry.npmjs.org/@ngrx%2fstore
304 verbose addRemoteTarball https://registry.npmjs.org/@ngrx/store/-/store-2.2.1.tgz not in flight; adding
305 verbose addRemoteTarball [ 'https://registry.npmjs.org/@ngrx/store/-/store-2.2.1.tgz',
305 verbose addRemoteTarball   '316ec1e43aa5a0166e5e6e1aa2c34a4049386510' ]
306 info retry fetch attempt 1 at 8:31:54 PM
307 info attempt registry request try #1 at 8:31:54 PM
308 http fetch GET https://registry.npmjs.org/@ngrx/store/-/store-2.2.1.tgz
309 http fetch 200 https://registry.npmjs.org/@ngrx/store/-/store-2.2.1.tgz
310 silly fetchAndShaCheck shasum 316ec1e43aa5a0166e5e6e1aa2c34a4049386510
311 verbose addTmpTarball C:\Users\Anwar\AppData\Local\Temp\npm-8864-e03b62a3\registry.npmjs.org\_40ngrx\store\-\store-2.2.1.tgz not in flight; adding
312 verbose addTmpTarball already have metadata; skipping unpack for @ngrx/store@2.2.1
313 verbose correctMkdir C:\Users\Anwar\AppData\Roaming\npm-cache correctMkdir not in flight; initializing
314 silly cache afterAdd @ngrx/store@2.2.1
315 verbose afterAdd C:\Users\Anwar\AppData\Roaming\npm-cache\@ngrx\store\2.2.1\package\package.json not in flight; writing
316 verbose correctMkdir C:\Users\Anwar\AppData\Roaming\npm-cache correctMkdir not in flight; initializing
317 verbose afterAdd C:\Users\Anwar\AppData\Roaming\npm-cache\@ngrx\store\2.2.1\package\package.json written
318 silly install resolved [ { name: '@ngrx/store',
318 silly install resolved     version: '2.2.1',
318 silly install resolved     description: 'RxJS powered Redux for Angular2 apps',
318 silly install resolved     main: './bundles/store.umd.js',
318 silly install resolved     module: './index.js',
318 silly install resolved     scripts:
318 silly install resolved      { karma: 'karma start --single-run',
318 silly install resolved        'test:unit': 'npm run karma',
318 silly install resolved        'test:ngc': 'ngc -p ./spec/ngc/tsconfig.ngc.json',
318 silly install resolved        test: 'npm run test:unit && npm run test:ngc',
318 silly install resolved        'clean:pre': 'rimraf release',
318 silly install resolved        'clean:post': 'rimraf "src/**/*.ngfactory.ts"',
318 silly install resolved        copy: 'cpy LICENSE package.json README.md release',
318 silly install resolved        'build:js': 'ngc -p tsconfig.dist.json',
318 silly install resolved        'build:umd': 'rollup -c rollup.config.js',
318 silly install resolved        'build:uglify': 'uglifyjs -c --screw-ie8 --comments -o ./release/bundles/store.min.umd.js ./release/bundles/store.umd.js',
318 silly install resolved        prebuild: 'npm run test && npm run clean:pre',
318 silly install resolved        postbuild: 'npm run clean:post && npm run copy',
318 silly install resolved        build: 'npm run build:js && npm run build:umd && npm run build:uglify' },
318 silly install resolved     repository: { type: 'git', url: 'git+https://github.com/ngrx/store.git' },
318 silly install resolved     keywords: [ 'RxJS', 'Angular2', 'Redux' ],
318 silly install resolved     author: { name: 'Rob Wormald', email: 'robwormald@gmail.com' },
318 silly install resolved     license: 'MIT',
318 silly install resolved     bugs: { url: 'https://github.com/ngrx/store/issues' },
318 silly install resolved     homepage: 'https://github.com/ngrx/store#readme',
318 silly install resolved     peerDependencies:
318 silly install resolved      { '@angular/core': '^2.0.0',
318 silly install resolved        rxjs: '^5.0.0-beta.12',
318 silly install resolved        '@ngrx/core': '^1.1.0' },
318 silly install resolved     devDependencies:
318 silly install resolved      { '@angular/common': '^2.0.0',
318 silly install resolved        '@angular/compiler': '^2.0.0',
318 silly install resolved        '@angular/compiler-cli': '^0.6.0',
318 silly install resolved        '@angular/core': '^2.0.0',
318 silly install resolved        '@angular/platform-browser': '^2.0.0',
318 silly install resolved        '@angular/platform-browser-dynamic': '^2.0.0',
318 silly install resolved        '@angular/platform-server': '^2.0.0',
318 silly install resolved        '@ngrx/core': '^1.2.0',
318 silly install resolved        '@types/jasmine': '^2.2.33',
318 silly install resolved        '@types/node': '^6.0.38',
318 silly install resolved        'awesome-typescript-loader': '^2.2.1',
318 silly install resolved        'core-js': '^2.4.1',
318 silly install resolved        'cpy-cli': '^1.0.1',
318 silly install resolved        'istanbul-instrumenter-loader': '^0.2.0',
318 silly install resolved        jasmine: '^2.5.0',
318 silly install resolved        karma: '^1.2.0',
318 silly install resolved        'karma-chrome-launcher': '^2.0.0',
318 silly install resolved        'karma-coverage': '^1.1.1',
318 silly install resolved        'karma-jasmine': '^1.0.2',
318 silly install resolved        'karma-mocha-reporter': '^2.1.0',
318 silly install resolved        'karma-sourcemap-loader': '^0.3.7',
318 silly install resolved        'karma-webpack': '^1.8.0',
318 silly install resolved        rimraf: '^2.5.4',
318 silly install resolved        rollup: '^0.34.13',
318 silly install resolved        rxjs: '^5.0.0-beta.11',
318 silly install resolved        'ts-loader': '^0.8.2',
318 silly install resolved        tslint: '^3.15.1',
318 silly install resolved        'tslint-loader': '^2.1.5',
318 silly install resolved        typescript: '^2.0.2',
318 silly install resolved        uglifyjs: '^2.4.10',
318 silly install resolved        webpack: '^2.1.0-beta.21',
318 silly install resolved        'zone.js': '^0.6.17' },
318 silly install resolved     _id: '@ngrx/store@2.2.1',
318 silly install resolved     _shasum: '316ec1e43aa5a0166e5e6e1aa2c34a4049386510',
318 silly install resolved     _from: '@ngrx/store@>=1.5.0 <2.0.0||>=2.0.0 <3.0.0',
318 silly install resolved     _resolved: 'https://registry.npmjs.org/@ngrx/store/-/store-2.2.1.tgz',
318 silly install resolved     _npmVersion: '3.10.3',
318 silly install resolved     _nodeVersion: '6.3.1',
318 silly install resolved     _npmUser: { name: 'robwormald', email: 'rob.wormald@innitapps.com' },
318 silly install resolved     dist:
318 silly install resolved      { shasum: '316ec1e43aa5a0166e5e6e1aa2c34a4049386510',
318 silly install resolved        tarball: 'https://registry.npmjs.org/@ngrx/store/-/store-2.2.1.tgz' },
318 silly install resolved     maintainers: [ [Object], [Object] ],
318 silly install resolved     _npmOperationalInternal:
318 silly install resolved      { host: 'packages-16-east.internal.npmjs.com',
318 silly install resolved        tmp: 'tmp/store-2.2.1.tgz_1474145226744_0.3336492879316211' },
318 silly install resolved     directories: {} } ]
319 info install @ngrx/store@2.2.1 into C:\Users\Anwar\cutePuppyPics
320 info installOne @ngrx/store@2.2.1
321 verbose installOne of @ngrx/store to C:\Users\Anwar\cutePuppyPics not in flight; installing
322 verbose correctMkdir C:\Users\Anwar\AppData\Roaming\npm-cache\_locks correctMkdir not in flight; initializing
323 verbose lock using C:\Users\Anwar\AppData\Roaming\npm-cache\_locks\ngrx-store-dd2e39d8f246ff3a.lock for C:\Users\Anwar\cutePuppyPics\node_modules\@ngrx\store
324 silly install write writing @ngrx/store 2.2.1 to C:\Users\Anwar\cutePuppyPics\node_modules\@ngrx\store
325 verbose unbuild node_modules\@ngrx\store
326 silly gentlyRm C:\Users\Anwar\cutePuppyPics\node_modules\@ngrx\store is being purged from base C:\Users\Anwar\cutePuppyPics
327 verbose gentlyRm don't care about contents; nuking C:\Users\Anwar\cutePuppyPics\node_modules\@ngrx\store
328 verbose tar unpack C:\Users\Anwar\AppData\Roaming\npm-cache\@ngrx\store\2.2.1\package.tgz
329 verbose tar unpacking to C:\Users\Anwar\cutePuppyPics\node_modules\@ngrx\store
330 silly gentlyRm C:\Users\Anwar\cutePuppyPics\node_modules\@ngrx\store is being purged
331 verbose gentlyRm don't care about contents; nuking C:\Users\Anwar\cutePuppyPics\node_modules\@ngrx\store
332 silly gunzTarPerm modes [ '777', '666' ]
333 silly gunzTarPerm extractEntry package.json
334 silly gunzTarPerm modified mode [ 'package.json', 420, 438 ]
335 silly gunzTarPerm extractEntry README.md
336 silly gunzTarPerm modified mode [ 'README.md', 420, 438 ]
337 silly gunzTarPerm extractEntry LICENSE
338 silly gunzTarPerm modified mode [ 'LICENSE', 420, 438 ]
339 silly gunzTarPerm extractEntry index.js
340 silly gunzTarPerm modified mode [ 'index.js', 420, 438 ]
341 silly gunzTarPerm extractEntry bundles/store.min.umd.js
342 silly gunzTarPerm modified mode [ 'bundles/store.min.umd.js', 420, 438 ]
343 silly gunzTarPerm extractEntry bundles/store.umd.js
344 silly gunzTarPerm modified mode [ 'bundles/store.umd.js', 420, 438 ]
345 silly gunzTarPerm extractEntry index.d.ts
346 silly gunzTarPerm modified mode [ 'index.d.ts', 420, 438 ]
347 silly gunzTarPerm extractEntry index.js.map
348 silly gunzTarPerm modified mode [ 'index.js.map', 420, 438 ]
349 silly gunzTarPerm extractEntry index.metadata.json
350 silly gunzTarPerm modified mode [ 'index.metadata.json', 420, 438 ]
351 silly gunzTarPerm extractEntry src/ng2.js
352 silly gunzTarPerm modified mode [ 'src/ng2.js', 420, 438 ]
353 silly gunzTarPerm extractEntry src/reducer.js
354 silly gunzTarPerm modified mode [ 'src/reducer.js', 420, 438 ]
355 silly gunzTarPerm extractEntry src/dispatcher.js
356 silly gunzTarPerm modified mode [ 'src/dispatcher.js', 420, 438 ]
357 silly gunzTarPerm extractEntry src/state.js
358 silly gunzTarPerm modified mode [ 'src/state.js', 420, 438 ]
359 silly gunzTarPerm extractEntry src/store.js
360 silly gunzTarPerm modified mode [ 'src/store.js', 420, 438 ]
361 silly gunzTarPerm extractEntry src/utils.js
362 silly gunzTarPerm modified mode [ 'src/utils.js', 420, 438 ]
363 silly gunzTarPerm extractEntry src/reducer.js.map
364 silly gunzTarPerm modified mode [ 'src/reducer.js.map', 420, 438 ]
365 silly gunzTarPerm extractEntry src/reducer.d.ts
366 silly gunzTarPerm modified mode [ 'src/reducer.d.ts', 420, 438 ]
367 silly gunzTarPerm extractEntry src/dispatcher.js.map
368 silly gunzTarPerm modified mode [ 'src/dispatcher.js.map', 420, 438 ]
369 silly gunzTarPerm extractEntry src/ng2.d.ts
370 silly gunzTarPerm modified mode [ 'src/ng2.d.ts', 420, 438 ]
371 silly gunzTarPerm extractEntry src/state.d.ts
372 silly gunzTarPerm modified mode [ 'src/state.d.ts', 420, 438 ]
373 silly gunzTarPerm extractEntry src/dispatcher.d.ts
374 silly gunzTarPerm modified mode [ 'src/dispatcher.d.ts', 420, 438 ]
375 silly gunzTarPerm extractEntry src/state.js.map
376 silly gunzTarPerm modified mode [ 'src/state.js.map', 420, 438 ]
377 silly gunzTarPerm extractEntry src/store.d.ts
378 silly gunzTarPerm modified mode [ 'src/store.d.ts', 420, 438 ]
379 silly gunzTarPerm extractEntry src/ng2.js.map
380 silly gunzTarPerm modified mode [ 'src/ng2.js.map', 420, 438 ]
381 silly gunzTarPerm extractEntry src/store.js.map
382 silly gunzTarPerm modified mode [ 'src/store.js.map', 420, 438 ]
383 silly gunzTarPerm extractEntry src/utils.d.ts
384 silly gunzTarPerm modified mode [ 'src/utils.d.ts', 420, 438 ]
385 silly gunzTarPerm extractEntry src/ng2.metadata.json
386 silly gunzTarPerm modified mode [ 'src/ng2.metadata.json', 420, 438 ]
387 silly gunzTarPerm extractEntry src/utils.js.map
388 silly gunzTarPerm modified mode [ 'src/utils.js.map', 420, 438 ]
389 verbose write writing to C:\Users\Anwar\cutePuppyPics\node_modules\@ngrx\store\package.json
390 info preinstall @ngrx/store@2.2.1
391 verbose readDependencies loading dependencies from C:\Users\Anwar\cutePuppyPics\node_modules\@ngrx\store\package.json
392 silly prepareForInstallMany adding @angular/core@^2.0.0 from @ngrx/store peerDependencies
393 silly prepareForInstallMany adding rxjs@^5.0.0-beta.12 from @ngrx/store peerDependencies
394 silly prepareForInstallMany adding @ngrx/core@^1.1.0 from @ngrx/store peerDependencies
395 warn peerDependencies The peer dependency @angular/core@^2.0.0 included from @ngrx/store will no
396 warn peerDependencies longer be automatically installed to fulfill the peerDependency
397 warn peerDependencies in npm 3+. Your application will need to depend on it explicitly.
398 warn peerDependencies The peer dependency rxjs@^5.0.0-beta.12 included from @ngrx/store will no
399 warn peerDependencies longer be automatically installed to fulfill the peerDependency
400 warn peerDependencies in npm 3+. Your application will need to depend on it explicitly.
401 warn peerDependencies The peer dependency @ngrx/core@^1.1.0 included from @ngrx/store will no
402 warn peerDependencies longer be automatically installed to fulfill the peerDependency
403 warn peerDependencies in npm 3+. Your application will need to depend on it explicitly.
404 verbose readDependencies loading dependencies from C:\Users\Anwar\cutePuppyPics\node_modules\@ngrx\store\package.json
405 silly install resolved []
406 verbose about to build C:\Users\Anwar\cutePuppyPics\node_modules\@ngrx\store
407 info build C:\Users\Anwar\cutePuppyPics\node_modules\@ngrx\store
408 info linkStuff @ngrx/store@2.2.1
409 silly linkStuff @ngrx/store@2.2.1 has C:\Users\Anwar\cutePuppyPics\node_modules as its parent node_modules
410 verbose linkBins @ngrx/store@2.2.1
411 verbose linkMans @ngrx/store@2.2.1
412 verbose rebuildBundles @ngrx/store@2.2.1
413 info install @ngrx/store@2.2.1
414 info postinstall @ngrx/store@2.2.1
415 verbose readDependencies loading dependencies from C:\Users\Anwar\cutePuppyPics\package.json
416 verbose targetResolver reading package data from C:\Users\Anwar\cutePuppyPics\node_modules\del\package.json
417 verbose targetResolver reading package data from C:\Users\Anwar\cutePuppyPics\node_modules\es6-shim\package.json
418 verbose targetResolver reading package data from C:\Users\Anwar\cutePuppyPics\node_modules\gulp\package.json
419 verbose targetResolver reading package data from C:\Users\Anwar\cutePuppyPics\node_modules\gulp-imagemin\package.json
420 verbose targetResolver reading package data from C:\Users\Anwar\cutePuppyPics\node_modules\gulp-watch\package.json
421 verbose targetResolver reading package data from C:\Users\Anwar\cutePuppyPics\node_modules\ionic-angular\package.json
422 verbose targetResolver reading package data from C:\Users\Anwar\cutePuppyPics\node_modules\ionic-gulp-browserify-typescript\package.json
423 verbose targetResolver reading package data from C:\Users\Anwar\cutePuppyPics\node_modules\ionic-gulp-fonts-copy\package.json
424 verbose targetResolver reading package data from C:\Users\Anwar\cutePuppyPics\node_modules\ionic-gulp-html-copy\package.json
425 verbose targetResolver reading package data from C:\Users\Anwar\cutePuppyPics\node_modules\ionic-gulp-sass-build\package.json
426 verbose targetResolver reading package data from C:\Users\Anwar\cutePuppyPics\node_modules\ionic-gulp-scripts-copy\package.json
427 verbose targetResolver reading package data from C:\Users\Anwar\cutePuppyPics\node_modules\ionic-gulp-tslint\package.json
428 verbose targetResolver reading package data from C:\Users\Anwar\cutePuppyPics\node_modules\ionic-native\package.json
429 verbose targetResolver reading package data from C:\Users\Anwar\cutePuppyPics\node_modules\ionicons\package.json
430 verbose targetResolver reading package data from C:\Users\Anwar\cutePuppyPics\node_modules\pouchdb\package.json
431 verbose targetResolver reading package data from C:\Users\Anwar\cutePuppyPics\node_modules\reflect-metadata\package.json
432 verbose targetResolver reading package data from C:\Users\Anwar\cutePuppyPics\node_modules\run-sequence\package.json
433 verbose targetResolver reading package data from C:\Users\Anwar\cutePuppyPics\node_modules\rxjs\package.json
434 verbose targetResolver reading package data from C:\Users\Anwar\cutePuppyPics\node_modules\tslint-ionic-rules\package.json
435 verbose targetResolver reading package data from C:\Users\Anwar\cutePuppyPics\node_modules\zone.js\package.json
436 verbose targetResolver reading package data from C:\Users\Anwar\cutePuppyPics\node_modules\.bin\gulp\package.json
437 verbose targetResolver reading package data from C:\Users\Anwar\cutePuppyPics\node_modules\.bin\gulp.cmd\package.json
438 verbose targetResolver reading package data from C:\Users\Anwar\cutePuppyPics\node_modules\@angular\common\package.json
439 verbose targetResolver reading package data from C:\Users\Anwar\cutePuppyPics\node_modules\@angular\compiler\package.json
440 verbose targetResolver reading package data from C:\Users\Anwar\cutePuppyPics\node_modules\@angular\core\package.json
441 verbose targetResolver reading package data from C:\Users\Anwar\cutePuppyPics\node_modules\@angular\forms\package.json
442 verbose targetResolver reading package data from C:\Users\Anwar\cutePuppyPics\node_modules\@angular\http\package.json
443 verbose targetResolver reading package data from C:\Users\Anwar\cutePuppyPics\node_modules\@angular\platform-browser\package.json
444 verbose targetResolver reading package data from C:\Users\Anwar\cutePuppyPics\node_modules\@angular\platform-browser-dynamic\package.json
445 verbose targetResolver reading package data from C:\Users\Anwar\cutePuppyPics\node_modules\@ngrx\effects\package.json
446 verbose targetResolver reading package data from C:\Users\Anwar\cutePuppyPics\node_modules\@ngrx\store\package.json
447 verbose already installed skipping rxjs@^5.0.0-beta.12 C:\Users\Anwar\cutePuppyPics
448 silly cache add args [ '@ngrx/core@^1.1.0', null ]
449 verbose cache add spec @ngrx/core@^1.1.0
450 silly cache add parsed spec Result {
450 silly cache add   raw: '@ngrx/core@^1.1.0',
450 silly cache add   scope: '@ngrx',
450 silly cache add   name: '@ngrx/core',
450 silly cache add   rawSpec: '^1.1.0',
450 silly cache add   spec: '>=1.1.0 <2.0.0',
450 silly cache add   type: 'range' }
451 silly addNamed @ngrx/core@>=1.1.0 <2.0.0
452 verbose addNamed ">=1.1.0 <2.0.0" is a valid semver range for @ngrx/core
453 silly addNameRange { name: '@ngrx/core', range: '>=1.1.0 <2.0.0', hasData: false }
454 silly mapToRegistry name @ngrx/core
455 silly mapToRegistry scope (from package name) @ngrx
456 verbose mapToRegistry no registry URL found in name for scope @ngrx
457 silly mapToRegistry using default registry
458 silly mapToRegistry registry https://registry.npmjs.org/
459 silly mapToRegistry data Result {
459 silly mapToRegistry   raw: '@ngrx/core',
459 silly mapToRegistry   scope: '@ngrx',
459 silly mapToRegistry   name: '@ngrx/core',
459 silly mapToRegistry   rawSpec: '',
459 silly mapToRegistry   spec: 'latest',
459 silly mapToRegistry   type: 'tag' }
460 silly mapToRegistry uri https://registry.npmjs.org/@ngrx%2fcore
461 verbose addNameRange registry:https://registry.npmjs.org/@ngrx%2fcore not in flight; fetching
462 verbose already installed skipping @angular/core@^2.0.0 C:\Users\Anwar\cutePuppyPics
463 verbose request uri https://registry.npmjs.org/@ngrx%2fcore
464 verbose request no auth needed
465 info attempt registry request try #1 at 8:31:56 PM
466 http request GET https://registry.npmjs.org/@ngrx%2fcore
467 http 200 https://registry.npmjs.org/@ngrx%2fcore
468 verbose headers { server: 'CouchDB/1.5.0 (Erlang OTP/R16B03)',
468 verbose headers   'content-type': 'application/json',
468 verbose headers   etag: '"57d9fe70-39b8"',
468 verbose headers   'content-encoding': 'gzip',
468 verbose headers   'cache-control': 'max-age=0',
468 verbose headers   'transfer-encoding': 'chunked',
468 verbose headers   'accept-ranges': 'bytes',
468 verbose headers   date: 'Thu, 19 Jan 2017 20:31:45 GMT',
468 verbose headers   via: '1.1 varnish',
468 verbose headers   age: '0',
468 verbose headers   connection: 'keep-alive',
468 verbose headers   'x-served-by': 'cache-lhr6332-LHR',
468 verbose headers   'x-cache': 'MISS',
468 verbose headers   'x-cache-hits': '0',
468 verbose headers   'x-timer': 'S1484857904.840239,VS0,VE999',
468 verbose headers   vary: 'Accept-Encoding' }
469 silly get cb [ 200,
469 silly get   { server: 'CouchDB/1.5.0 (Erlang OTP/R16B03)',
469 silly get     'content-type': 'application/json',
469 silly get     etag: '"57d9fe70-39b8"',
469 silly get     'content-encoding': 'gzip',
469 silly get     'cache-control': 'max-age=0',
469 silly get     'transfer-encoding': 'chunked',
469 silly get     'accept-ranges': 'bytes',
469 silly get     date: 'Thu, 19 Jan 2017 20:31:45 GMT',
469 silly get     via: '1.1 varnish',
469 silly get     age: '0',
469 silly get     connection: 'keep-alive',
469 silly get     'x-served-by': 'cache-lhr6332-LHR',
469 silly get     'x-cache': 'MISS',
469 silly get     'x-cache-hits': '0',
469 silly get     'x-timer': 'S1484857904.840239,VS0,VE999',
469 silly get     vary: 'Accept-Encoding' } ]
470 verbose get saving @ngrx/core to C:\Users\Anwar\AppData\Roaming\npm-cache\registry.npmjs.org\_40ngrx_252fcore\.cache.json
471 verbose correctMkdir C:\Users\Anwar\AppData\Roaming\npm-cache correctMkdir not in flight; initializing
472 silly addNameRange number 2 { name: '@ngrx/core', range: '>=1.1.0 <2.0.0', hasData: true }
473 silly addNameRange versions [ '@ngrx/core',
473 silly addNameRange   [ '1.0.0', '1.0.1', '1.0.2', '1.1.0', '1.2.0' ] ]
474 silly addNamed @ngrx/core@1.2.0
475 verbose addNamed "1.2.0" is a plain semver version for @ngrx/core
476 silly mapToRegistry name @ngrx/core
477 silly mapToRegistry scope (from package name) @ngrx
478 verbose mapToRegistry no registry URL found in name for scope @ngrx
479 silly mapToRegistry using default registry
480 silly mapToRegistry registry https://registry.npmjs.org/
481 silly mapToRegistry data Result {
481 silly mapToRegistry   raw: '@ngrx/core',
481 silly mapToRegistry   scope: '@ngrx',
481 silly mapToRegistry   name: '@ngrx/core',
481 silly mapToRegistry   rawSpec: '',
481 silly mapToRegistry   spec: 'latest',
481 silly mapToRegistry   type: 'tag' }
482 silly mapToRegistry uri https://registry.npmjs.org/@ngrx%2fcore
483 verbose addRemoteTarball https://registry.npmjs.org/@ngrx/core/-/core-1.2.0.tgz not in flight; adding
484 verbose addRemoteTarball [ 'https://registry.npmjs.org/@ngrx/core/-/core-1.2.0.tgz',
484 verbose addRemoteTarball   '882b46abafa2e0e6d887cb71a1b2c2fa3e6d0dc6' ]
485 info retry fetch attempt 1 at 8:31:57 PM
486 info attempt registry request try #1 at 8:31:57 PM
487 http fetch GET https://registry.npmjs.org/@ngrx/core/-/core-1.2.0.tgz
488 http fetch 200 https://registry.npmjs.org/@ngrx/core/-/core-1.2.0.tgz
489 silly fetchAndShaCheck shasum 882b46abafa2e0e6d887cb71a1b2c2fa3e6d0dc6
490 verbose addTmpTarball C:\Users\Anwar\AppData\Local\Temp\npm-8864-e03b62a3\registry.npmjs.org\_40ngrx\core\-\core-1.2.0.tgz not in flight; adding
491 verbose addTmpTarball already have metadata; skipping unpack for @ngrx/core@1.2.0
492 verbose correctMkdir C:\Users\Anwar\AppData\Roaming\npm-cache correctMkdir not in flight; initializing
493 silly cache afterAdd @ngrx/core@1.2.0
494 verbose afterAdd C:\Users\Anwar\AppData\Roaming\npm-cache\@ngrx\core\1.2.0\package\package.json not in flight; writing
495 verbose correctMkdir C:\Users\Anwar\AppData\Roaming\npm-cache correctMkdir not in flight; initializing
496 verbose afterAdd C:\Users\Anwar\AppData\Roaming\npm-cache\@ngrx\core\1.2.0\package\package.json written
497 silly install resolved [ { name: '@ngrx/core',
497 silly install resolved     version: '1.2.0',
497 silly install resolved     description: 'Core operators and utiliies for the ngrx platform',
497 silly install resolved     repository: { type: 'git', url: 'git+https://github.com/ngrx/core.git' },
497 silly install resolved     main: 'bundles/core.umd.js',
497 silly install resolved     module: 'index.js',
497 silly install resolved     scripts:
497 silly install resolved      { karma: 'karma start --single-run',
497 silly install resolved        test: 'npm run karma',
497 silly install resolved        'clean:pre': 'rimraf release',
497 silly install resolved        'clean:post': 'rimraf src/**/*.ngfactory.ts',
497 silly install resolved        copy: 'cpy LICENSE package.json README.md release',
497 silly install resolved        'build:js': 'ngc -p tsconfig.dist.json',
497 silly install resolved        'build:umd': 'rollup -c rollup.config.js',
497 silly install resolved        'build:legacy': 'ngc -p tsconfig.legacy.json',
497 silly install resolved        'build:uglify': 'uglifyjs -c --screw-ie8 --comments -o ./release/bundles/core.min.umd.js ./release/bundles/core.umd.js',
497 silly install resolved        prebuild: 'npm run test && npm run clean:pre',
497 silly install resolved        postbuild: 'npm run clean:post && npm run copy',
497 silly install resolved        build: 'npm run build:legacy && npm run build:js && npm run build:umd && npm run build:uglify' },
497 silly install resolved     authors: [ 'Mike Ryan', 'Brandon Roberts', 'Rob Wormald' ],
497 silly install resolved     license: 'MIT',
497 silly install resolved     peerDependencies: { rxjs: '^5.0.0-beta.12' },
497 silly install resolved     devDependencies:
497 silly install resolved      { '@angular/common': '^2.0.0-rc.7',
497 silly install resolved        '@angular/compiler': '^2.0.0-rc.7',
497 silly install resolved        '@angular/compiler-cli': '^0.6.0',
497 silly install resolved        '@angular/core': '^2.0.0-rc.7',
497 silly install resolved        '@angular/platform-browser': '^2.0.0-rc.7',
497 silly install resolved        '@angular/platform-browser-dynamic': '^2.0.0-rc.7',
497 silly install resolved        '@angular/platform-server': '^2.0.0-rc.7',
497 silly install resolved        '@types/jasmine': '^2.2.33',
497 silly install resolved        '@types/node': '^6.0.38',
497 silly install resolved        'awesome-typescript-loader': '^2.2.1',
497 silly install resolved        'core-js': '^2.4.1',
497 silly install resolved        'cpy-cli': '^1.0.1',
497 silly install resolved        'istanbul-instrumenter-loader': '^0.2.0',
497 silly install resolved        jasmine: '^2.5.0',
497 silly install resolved        karma: '^1.2.0',
497 silly install resolved        'karma-chrome-launcher': '^2.0.0',
497 silly install resolved        'karma-coverage': '^1.1.1',
497 silly install resolved        'karma-jasmine': '^1.0.2',
497 silly install resolved        'karma-mocha-reporter': '^2.1.0',
497 silly install resolved        'karma-sourcemap-loader': '^0.3.7',
497 silly install resolved        'karma-webpack': '^1.8.0',
497 silly install resolved        rimraf: '^2.5.4',
497 silly install resolved        rollup: '^0.34.13',
497 silly install resolved        rxjs: '^5.0.0-beta.11',
497 silly install resolved        'ts-loader': '^0.8.2',
497 silly install resolved        tslint: '^3.15.1',
497 silly install resolved        'tslint-loader': '^2.1.5',
497 silly install resolved        typescript: '^2.0.2',
497 silly install resolved        uglifyjs: '^2.4.10',
497 silly install resolved        webpack: '^2.1.0-beta.21',
497 silly install resolved        'zone.js': '^0.6.17' },
497 silly install resolved     bugs: { url: 'https://github.com/ngrx/core/issues' },
497 silly install resolved     homepage: 'https://github.com/ngrx/core#readme',
497 silly install resolved     _id: '@ngrx/core@1.2.0',
497 silly install resolved     _shasum: '882b46abafa2e0e6d887cb71a1b2c2fa3e6d0dc6',
497 silly install resolved     _from: '@ngrx/core@>=1.1.0 <2.0.0',
497 silly install resolved     _npmVersion: '3.9.3',
497 silly install resolved     _nodeVersion: '6.2.1',
497 silly install resolved     _npmUser: { name: 'mikeryan52', email: 'mike.ryan52@gmail.com' },
497 silly install resolved     dist:
497 silly install resolved      { shasum: '882b46abafa2e0e6d887cb71a1b2c2fa3e6d0dc6',
497 silly install resolved        tarball: 'https://registry.npmjs.org/@ngrx/core/-/core-1.2.0.tgz' },
497 silly install resolved     maintainers: [ [Object], [Object], [Object] ],
497 silly install resolved     _npmOperationalInternal:
497 silly install resolved      { host: 'packages-12-west.internal.npmjs.com',
497 silly install resolved        tmp: 'tmp/core-1.2.0.tgz_1473904239148_0.8286093715578318' },
497 silly install resolved     directories: {},
497 silly install resolved     _resolved: 'https://registry.npmjs.org/@ngrx/core/-/core-1.2.0.tgz' } ]
498 info install @ngrx/core@1.2.0 into C:\Users\Anwar\cutePuppyPics
499 info installOne @ngrx/core@1.2.0
500 verbose installOne of @ngrx/core to C:\Users\Anwar\cutePuppyPics not in flight; installing
501 verbose correctMkdir C:\Users\Anwar\AppData\Roaming\npm-cache\_locks correctMkdir not in flight; initializing
502 verbose lock using C:\Users\Anwar\AppData\Roaming\npm-cache\_locks\ngrx-core-59c5d13437938b6d.lock for C:\Users\Anwar\cutePuppyPics\node_modules\@ngrx\core
503 silly install write writing @ngrx/core 1.2.0 to C:\Users\Anwar\cutePuppyPics\node_modules\@ngrx\core
504 verbose unbuild node_modules\@ngrx\core
505 silly gentlyRm C:\Users\Anwar\cutePuppyPics\node_modules\@ngrx\core is being purged from base C:\Users\Anwar\cutePuppyPics
506 verbose gentlyRm don't care about contents; nuking C:\Users\Anwar\cutePuppyPics\node_modules\@ngrx\core
507 verbose tar unpack C:\Users\Anwar\AppData\Roaming\npm-cache\@ngrx\core\1.2.0\package.tgz
508 verbose tar unpacking to C:\Users\Anwar\cutePuppyPics\node_modules\@ngrx\core
509 silly gentlyRm C:\Users\Anwar\cutePuppyPics\node_modules\@ngrx\core is being purged
510 verbose gentlyRm don't care about contents; nuking C:\Users\Anwar\cutePuppyPics\node_modules\@ngrx\core
511 silly gunzTarPerm modes [ '777', '666' ]
512 silly gunzTarPerm extractEntry package.json
513 silly gunzTarPerm modified mode [ 'package.json', 420, 438 ]
514 silly gunzTarPerm extractEntry README.md
515 silly gunzTarPerm modified mode [ 'README.md', 420, 438 ]
516 silly gunzTarPerm extractEntry LICENSE
517 silly gunzTarPerm modified mode [ 'LICENSE', 420, 438 ]
518 silly gunzTarPerm extractEntry SyncSubject.js
519 silly gunzTarPerm modified mode [ 'SyncSubject.js', 420, 438 ]
520 silly gunzTarPerm extractEntry compose.js
521 silly gunzTarPerm modified mode [ 'compose.js', 420, 438 ]
522 silly gunzTarPerm extractEntry index.js
523 silly gunzTarPerm modified mode [ 'index.js', 420, 438 ]
524 silly gunzTarPerm extractEntry compose.d.ts
525 silly gunzTarPerm modified mode [ 'compose.d.ts', 420, 438 ]
526 silly gunzTarPerm extractEntry SyncSubject.d.ts
527 silly gunzTarPerm modified mode [ 'SyncSubject.d.ts', 420, 438 ]
528 silly gunzTarPerm extractEntry src/compose.js
529 silly gunzTarPerm modified mode [ 'src/compose.js', 420, 438 ]
530 silly gunzTarPerm extractEntry src/compose.d.ts
531 silly gunzTarPerm modified mode [ 'src/compose.d.ts', 420, 438 ]
532 silly gunzTarPerm extractEntry src/compose.js.map
533 silly gunzTarPerm modified mode [ 'src/compose.js.map', 420, 438 ]
534 silly gunzTarPerm extractEntry src/compose.metadata.json
535 silly gunzTarPerm modified mode [ 'src/compose.metadata.json', 420, 438 ]
536 silly gunzTarPerm extractEntry src/operator/leaveZone.js
537 silly gunzTarPerm modified mode [ 'src/operator/leaveZone.js', 420, 438 ]
538 silly gunzTarPerm extractEntry src/operator/enterZone.js
539 silly gunzTarPerm modified mode [ 'src/operator/enterZone.js', 420, 438 ]
540 silly gunzTarPerm extractEntry src/operator/select.js
541 silly gunzTarPerm modified mode [ 'src/operator/select.js', 420, 438 ]
542 silly gunzTarPerm extractEntry src/operator/enterZone.metadata.json
543 silly gunzTarPerm modified mode [ 'src/operator/enterZone.metadata.json', 420, 438 ]
544 silly gunzTarPerm extractEntry src/operator/leaveZone.d.ts
545 silly gunzTarPerm modified mode [ 'src/operator/leaveZone.d.ts', 420, 438 ]
546 silly gunzTarPerm extractEntry src/operator/enterZone.d.ts
547 silly gunzTarPerm modified mode [ 'src/operator/enterZone.d.ts', 420, 438 ]
548 silly gunzTarPerm extractEntry src/operator/leaveZone.js.map
549 silly gunzTarPerm modified mode [ 'src/operator/leaveZone.js.map', 420, 438 ]
550 silly gunzTarPerm extractEntry src/operator/leaveZone.metadata.json
551 silly gunzTarPerm modified mode [ 'src/operator/leaveZone.metadata.json', 420, 438 ]
552 silly gunzTarPerm extractEntry src/operator/select.d.ts
553 silly gunzTarPerm modified mode [ 'src/operator/select.d.ts', 420, 438 ]
554 silly gunzTarPerm extractEntry src/operator/enterZone.js.map
555 silly gunzTarPerm modified mode [ 'src/operator/enterZone.js.map', 420, 438 ]
556 silly gunzTarPerm extractEntry src/operator/select.js.map
557 silly gunzTarPerm modified mode [ 'src/operator/select.js.map', 420, 438 ]
558 silly gunzTarPerm extractEntry index.d.ts
559 silly gunzTarPerm modified mode [ 'index.d.ts', 420, 438 ]
560 silly gunzTarPerm extractEntry add/operator/enterZone.js
561 silly gunzTarPerm modified mode [ 'add/operator/enterZone.js', 420, 438 ]
562 silly gunzTarPerm extractEntry add/operator/leaveZone.js
563 silly gunzTarPerm modified mode [ 'add/operator/leaveZone.js', 420, 438 ]
564 silly gunzTarPerm extractEntry add/operator/select.js
565 silly gunzTarPerm modified mode [ 'add/operator/select.js', 420, 438 ]
566 silly gunzTarPerm extractEntry add/operator/enterZone.d.ts
567 silly gunzTarPerm modified mode [ 'add/operator/enterZone.d.ts', 420, 438 ]
568 silly gunzTarPerm extractEntry add/operator/leaveZone.d.ts
569 silly gunzTarPerm modified mode [ 'add/operator/leaveZone.d.ts', 420, 438 ]
570 silly gunzTarPerm extractEntry add/operator/select.d.ts
571 silly gunzTarPerm modified mode [ 'add/operator/select.d.ts', 420, 438 ]
572 silly gunzTarPerm extractEntry index.js.map
573 silly gunzTarPerm modified mode [ 'index.js.map', 420, 438 ]
574 silly gunzTarPerm extractEntry index.metadata.json
575 silly gunzTarPerm modified mode [ 'index.metadata.json', 420, 438 ]
576 silly gunzTarPerm extractEntry operator/enterZone.js
577 silly gunzTarPerm modified mode [ 'operator/enterZone.js', 420, 438 ]
578 silly gunzTarPerm extractEntry operator/leaveZone.js
579 silly gunzTarPerm modified mode [ 'operator/leaveZone.js', 420, 438 ]
580 silly gunzTarPerm extractEntry operator/select.js
581 silly gunzTarPerm modified mode [ 'operator/select.js', 420, 438 ]
582 silly gunzTarPerm extractEntry operator/enterZone.d.ts
583 silly gunzTarPerm modified mode [ 'operator/enterZone.d.ts', 420, 438 ]
584 silly gunzTarPerm extractEntry operator/enterZone.metadata.json
585 silly gunzTarPerm modified mode [ 'operator/enterZone.metadata.json', 420, 438 ]
586 silly gunzTarPerm extractEntry operator/leaveZone.d.ts
587 silly gunzTarPerm modified mode [ 'operator/leaveZone.d.ts', 420, 438 ]
588 silly gunzTarPerm extractEntry operator/leaveZone.metadata.json
589 silly gunzTarPerm modified mode [ 'operator/leaveZone.metadata.json', 420, 438 ]
590 silly gunzTarPerm extractEntry operator/select.d.ts
591 silly gunzTarPerm modified mode [ 'operator/select.d.ts', 420, 438 ]
592 silly gunzTarPerm extractEntry bundles/core.min.umd.js
593 silly gunzTarPerm modified mode [ 'bundles/core.min.umd.js', 420, 438 ]
594 silly gunzTarPerm extractEntry bundles/core.umd.js
595 silly gunzTarPerm modified mode [ 'bundles/core.umd.js', 420, 438 ]
596 silly gunzTarPerm extractEntry compose.metadata.json
597 silly gunzTarPerm modified mode [ 'compose.metadata.json', 420, 438 ]
598 verbose write writing to C:\Users\Anwar\cutePuppyPics\node_modules\@ngrx\core\package.json
599 info preinstall @ngrx/core@1.2.0
600 verbose readDependencies loading dependencies from C:\Users\Anwar\cutePuppyPics\node_modules\@ngrx\core\package.json
601 silly prepareForInstallMany adding rxjs@^5.0.0-beta.12 from @ngrx/core peerDependencies
602 warn peerDependencies The peer dependency rxjs@^5.0.0-beta.12 included from @ngrx/core will no
603 warn peerDependencies longer be automatically installed to fulfill the peerDependency
604 warn peerDependencies in npm 3+. Your application will need to depend on it explicitly.
605 verbose readDependencies loading dependencies from C:\Users\Anwar\cutePuppyPics\node_modules\@ngrx\core\package.json
606 silly install resolved []
607 verbose about to build C:\Users\Anwar\cutePuppyPics\node_modules\@ngrx\core
608 info build C:\Users\Anwar\cutePuppyPics\node_modules\@ngrx\core
609 info linkStuff @ngrx/core@1.2.0
610 silly linkStuff @ngrx/core@1.2.0 has C:\Users\Anwar\cutePuppyPics\node_modules as its parent node_modules
611 verbose linkBins @ngrx/core@1.2.0
612 verbose linkMans @ngrx/core@1.2.0
613 verbose rebuildBundles @ngrx/core@1.2.0
614 info install @ngrx/core@1.2.0
615 info postinstall @ngrx/core@1.2.0
616 verbose readDependencies loading dependencies from C:\Users\Anwar\cutePuppyPics\package.json
617 verbose targetResolver reading package data from C:\Users\Anwar\cutePuppyPics\node_modules\del\package.json
618 verbose targetResolver reading package data from C:\Users\Anwar\cutePuppyPics\node_modules\es6-shim\package.json
619 verbose targetResolver reading package data from C:\Users\Anwar\cutePuppyPics\node_modules\gulp\package.json
620 verbose targetResolver reading package data from C:\Users\Anwar\cutePuppyPics\node_modules\gulp-imagemin\package.json
621 verbose targetResolver reading package data from C:\Users\Anwar\cutePuppyPics\node_modules\gulp-watch\package.json
622 verbose targetResolver reading package data from C:\Users\Anwar\cutePuppyPics\node_modules\ionic-angular\package.json
623 verbose targetResolver reading package data from C:\Users\Anwar\cutePuppyPics\node_modules\ionic-gulp-browserify-typescript\package.json
624 verbose targetResolver reading package data from C:\Users\Anwar\cutePuppyPics\node_modules\ionic-gulp-fonts-copy\package.json
625 verbose targetResolver reading package data from C:\Users\Anwar\cutePuppyPics\node_modules\ionic-gulp-html-copy\package.json
626 verbose targetResolver reading package data from C:\Users\Anwar\cutePuppyPics\node_modules\ionic-gulp-sass-build\package.json
627 verbose targetResolver reading package data from C:\Users\Anwar\cutePuppyPics\node_modules\ionic-gulp-scripts-copy\package.json
628 verbose targetResolver reading package data from C:\Users\Anwar\cutePuppyPics\node_modules\ionic-gulp-tslint\package.json
629 verbose targetResolver reading package data from C:\Users\Anwar\cutePuppyPics\node_modules\ionic-native\package.json
630 verbose targetResolver reading package data from C:\Users\Anwar\cutePuppyPics\node_modules\ionicons\package.json
631 verbose targetResolver reading package data from C:\Users\Anwar\cutePuppyPics\node_modules\pouchdb\package.json
632 verbose targetResolver reading package data from C:\Users\Anwar\cutePuppyPics\node_modules\reflect-metadata\package.json
633 verbose targetResolver reading package data from C:\Users\Anwar\cutePuppyPics\node_modules\run-sequence\package.json
634 verbose targetResolver reading package data from C:\Users\Anwar\cutePuppyPics\node_modules\rxjs\package.json
635 verbose targetResolver reading package data from C:\Users\Anwar\cutePuppyPics\node_modules\tslint-ionic-rules\package.json
636 verbose targetResolver reading package data from C:\Users\Anwar\cutePuppyPics\node_modules\zone.js\package.json
637 verbose targetResolver reading package data from C:\Users\Anwar\cutePuppyPics\node_modules\.bin\gulp\package.json
638 verbose targetResolver reading package data from C:\Users\Anwar\cutePuppyPics\node_modules\.bin\gulp.cmd\package.json
639 verbose targetResolver reading package data from C:\Users\Anwar\cutePuppyPics\node_modules\@angular\common\package.json
640 verbose targetResolver reading package data from C:\Users\Anwar\cutePuppyPics\node_modules\@angular\compiler\package.json
641 verbose targetResolver reading package data from C:\Users\Anwar\cutePuppyPics\node_modules\@angular\core\package.json
642 verbose targetResolver reading package data from C:\Users\Anwar\cutePuppyPics\node_modules\@angular\forms\package.json
643 verbose targetResolver reading package data from C:\Users\Anwar\cutePuppyPics\node_modules\@angular\http\package.json
644 verbose targetResolver reading package data from C:\Users\Anwar\cutePuppyPics\node_modules\@angular\platform-browser\package.json
645 verbose targetResolver reading package data from C:\Users\Anwar\cutePuppyPics\node_modules\@angular\platform-browser-dynamic\package.json
646 verbose targetResolver reading package data from C:\Users\Anwar\cutePuppyPics\node_modules\@ngrx\core\package.json
647 verbose targetResolver reading package data from C:\Users\Anwar\cutePuppyPics\node_modules\@ngrx\effects\package.json
648 verbose targetResolver reading package data from C:\Users\Anwar\cutePuppyPics\node_modules\@ngrx\store\package.json
649 verbose already installed skipping rxjs@^5.0.0-beta.12 C:\Users\Anwar\cutePuppyPics
650 silly install resolved []
651 verbose unlock done using C:\Users\Anwar\AppData\Roaming\npm-cache\_locks\ngrx-core-59c5d13437938b6d.lock for C:\Users\Anwar\cutePuppyPics\node_modules\@ngrx\core
652 verbose unlock done using C:\Users\Anwar\AppData\Roaming\npm-cache\_locks\ngrx-store-dd2e39d8f246ff3a.lock for C:\Users\Anwar\cutePuppyPics\node_modules\@ngrx\store
653 verbose unlock done using C:\Users\Anwar\AppData\Roaming\npm-cache\_locks\ngrx-effects-1c365758a9b6edec.lock for C:\Users\Anwar\cutePuppyPics\node_modules\@ngrx\effects
654 verbose validateInstall loading C:\Users\Anwar\cutePuppyPics\package.json for validation
655 verbose stack Error: The package @angular/core@2.0.0-rc.4 does not satisfy its siblings' peerDependencies requirements!
655 verbose stack     at C:\Program Files\nodejs\node_modules\npm\lib\install.js:125:32
655 verbose stack     at C:\Program Files\nodejs\node_modules\npm\lib\install.js:268:7
655 verbose stack     at C:\Program Files\nodejs\node_modules\npm\node_modules\read-installed\read-installed.js:142:5
655 verbose stack     at C:\Program Files\nodejs\node_modules\npm\node_modules\read-installed\read-installed.js:263:14
655 verbose stack     at cb (C:\Program Files\nodejs\node_modules\npm\node_modules\slide\lib\async-map.js:47:24)
655 verbose stack     at C:\Program Files\nodejs\node_modules\npm\node_modules\read-installed\read-installed.js:263:14
655 verbose stack     at cb (C:\Program Files\nodejs\node_modules\npm\node_modules\slide\lib\async-map.js:47:24)
655 verbose stack     at C:\Program Files\nodejs\node_modules\npm\node_modules\read-installed\read-installed.js:263:14
655 verbose stack     at cb (C:\Program Files\nodejs\node_modules\npm\node_modules\slide\lib\async-map.js:47:24)
655 verbose stack     at C:\Program Files\nodejs\node_modules\npm\node_modules\read-installed\read-installed.js:263:14
656 verbose cwd C:\Users\Anwar\cutePuppyPics
657 error Windows_NT 10.0.14393
658 error argv "C:\\Program Files\\nodejs\\node.exe" "C:\\Program Files\\nodejs\\node_modules\\npm\\bin\\npm-cli.js" "install" "@ngrx/effects" "--save"
659 error node v4.5.0
660 error npm  v2.15.9
661 error code EPEERINVALID
662 error peerinvalid The package @angular/core@2.0.0-rc.4 does not satisfy its siblings' peerDependencies requirements!
662 error peerinvalid Peer @angular/common@2.0.0-rc.4 wants @angular/core@^2.0.0-rc.4
662 error peerinvalid Peer @angular/compiler@2.0.0-rc.4 wants @angular/core@^2.0.0-rc.4
662 error peerinvalid Peer @angular/forms@0.2.0 wants @angular/core@^2.0.0-rc.4
662 error peerinvalid Peer @angular/http@2.0.0-rc.4 wants @angular/core@^2.0.0-rc.4
662 error peerinvalid Peer @angular/platform-browser@2.0.0-rc.4 wants @angular/core@^2.0.0-rc.4
662 error peerinvalid Peer @angular/platform-browser-dynamic@2.0.0-rc.4 wants @angular/core@^2.0.0-rc.4
662 error peerinvalid Peer ionic-angular@2.0.0-beta.11 wants @angular/core@2.0.0-rc.4
662 error peerinvalid Peer @ngrx/effects@2.0.0 wants @angular/core@^2.0.0
662 error peerinvalid Peer @ngrx/store@2.2.1 wants @angular/core@^2.0.0
663 verbose exit [ 1, true ]
